<?xml version="1.0" encoding="UTF-8"?>
<testsuite name="LibraryTest" tests="1" skipped="0" failures="0" errors="0" timestamp="2016-01-26T08:42:51" hostname="user-PC" time="0.041">
  <properties/>
  <testcase name="someLibraryMethod returns true" classname="LibraryTest" time="0.041"/>
  <system-out><![CDATA[]]></system-out>
  <system-err><![CDATA[]]></system-err>
</testsuite>
